[debug] [2022-04-04T12:14:08.904Z] ----------------------------------------------------------------------
[debug] [2022-04-04T12:14:08.908Z] Command:       C:\Program Files\nodejs\node.exe C:\Users\SoftDevSkils\AppData\Roaming\npm\node_modules\firebase-tools\lib\bin\firebase.js emulators:start --only functions
[debug] [2022-04-04T12:14:08.909Z] CLI Version:   10.5.0
[debug] [2022-04-04T12:14:08.910Z] Platform:      win32
[debug] [2022-04-04T12:14:08.910Z] Node Version:  v16.14.2
[debug] [2022-04-04T12:14:09.033Z] Time:          Mon Apr 04 2022 15:14:08 GMT+0300 (Eastern European Summer Time)
[debug] [2022-04-04T12:14:09.034Z] ----------------------------------------------------------------------
[debug] 
[debug] [2022-04-04T12:14:09.252Z] > command requires scopes: ["email","openid","https://www.googleapis.com/auth/cloudplatformprojects.readonly","https://www.googleapis.com/auth/firebase","https://www.googleapis.com/auth/cloud-platform"]
[debug] [2022-04-04T12:14:09.253Z] > authorizing via signed-in user (mariuskiwi@gmail.com)
[info] i  emulators: Starting emulators: functions {"metadata":{"emulator":{"name":"hub"},"message":"Starting emulators: functions"}}
[debug] [2022-04-04T12:14:09.434Z] [hub] writing locator at C:\Users\SOFTDE~1\AppData\Local\Temp\hub-mealstogo-7519b.json
[warn] !  functions: The following emulators are not running, calls to these services from the Functions emulator will affect production: auth, firestore, database, hosting, pubsub, storage {"metadata":{"emulator":{"name":"functions"},"message":"The following emulators are not running, calls to these services from the Functions emulator will affect production: \u001b[1mauth, firestore, database, hosting, pubsub, storage\u001b[22m"}}
[info] +  functions: Using node@16 from host. {"metadata":{"emulator":{"name":"functions"},"message":"Using node@16 from host."}}
[debug] [2022-04-04T12:14:09.506Z] defaultcredentials: writing to file C:\Users\SoftDevSkils\AppData\Roaming\firebase\mariuskiwi_gmail_com_application_default_credentials.json
[debug] [2022-04-04T12:14:09.531Z] Setting GAC to C:\Users\SoftDevSkils\AppData\Roaming\firebase\mariuskiwi_gmail_com_application_default_credentials.json {"metadata":{"emulator":{"name":"functions"},"message":"Setting GAC to C:\\Users\\SoftDevSkils\\AppData\\Roaming\\firebase\\mariuskiwi_gmail_com_application_default_credentials.json"}}
[debug] [2022-04-04T12:14:09.537Z] > refreshing access token with scopes: []
[debug] [2022-04-04T12:14:09.538Z] >>> HTTP REQUEST POST https://www.googleapis.com/oauth2/v3/token  
 <request body omitted>
[debug] [2022-04-04T12:14:09.778Z] <<< HTTP RESPONSE 200 {"pragma":"no-cache","expires":"Mon, 01 Jan 1990 00:00:00 GMT","date":"Mon, 04 Apr 2022 12:14:09 GMT","cache-control":"no-cache, no-store, max-age=0, must-revalidate","content-type":"application/json; charset=utf-8","vary":"X-Origin, Referer, Origin,Accept-Encoding","server":"scaffolding on HTTPServer2","x-xss-protection":"0","x-frame-options":"SAMEORIGIN","x-content-type-options":"nosniff","alt-svc":"h3=\":443\"; ma=2592000,h3-29=\":443\"; ma=2592000,h3-Q050=\":443\"; ma=2592000,h3-Q046=\":443\"; ma=2592000,h3-Q043=\":443\"; ma=2592000,quic=\":443\"; ma=2592000; v=\"46,43\"","accept-ranges":"none","transfer-encoding":"chunked"}
[debug] [2022-04-04T12:14:09.856Z] >>> [apiv2][query] GET https://firebase.googleapis.com/v1beta1/projects/mealstogo-7519b/adminSdkConfig [none]
[debug] [2022-04-04T12:14:10.188Z] <<< [apiv2][status] GET https://firebase.googleapis.com/v1beta1/projects/mealstogo-7519b/adminSdkConfig 200
[debug] [2022-04-04T12:14:10.189Z] <<< [apiv2][body] GET https://firebase.googleapis.com/v1beta1/projects/mealstogo-7519b/adminSdkConfig {"projectId":"mealstogo-7519b","storageBucket":"mealstogo-7519b.appspot.com"}
[info] i  ui: downloading ui-v1.6.5.zip... {"metadata":{"emulator":{"name":"ui"},"message":"downloading ui-v1.6.5.zip..."}}
[debug] [2022-04-04T12:14:10.258Z] >>> [apiv2][query] GET https://storage.googleapis.com/firebase-preview-drop/emulator/ui-v1.6.5.zip 
[debug] [2022-04-04T12:14:10.518Z] <<< [apiv2][status] GET https://storage.googleapis.com/firebase-preview-drop/emulator/ui-v1.6.5.zip 200
[debug] [2022-04-04T12:14:10.518Z] <<< [apiv2][body] GET https://storage.googleapis.com/firebase-preview-drop/emulator/ui-v1.6.5.zip [stream]
[debug] [2022-04-04T12:14:11.679Z] Ignoring unsupported arg: auto_download {"metadata":{"emulator":{"name":"ui"},"message":"Ignoring unsupported arg: auto_download"}}
[debug] [2022-04-04T12:14:11.679Z] Ignoring unsupported arg: port {"metadata":{"emulator":{"name":"ui"},"message":"Ignoring unsupported arg: port"}}
[debug] [2022-04-04T12:14:11.679Z] Starting Emulator UI with command {"binary":"node","args":["C:\\Users\\SoftDevSkils\\.cache\\firebase\\emulators\\ui-v1.6.5\\server.bundle.js"],"optionalArgs":[],"joinArgs":false} {"metadata":{"emulator":{"name":"ui"},"message":"Starting Emulator UI with command {\"binary\":\"node\",\"args\":[\"C:\\\\Users\\\\SoftDevSkils\\\\.cache\\\\firebase\\\\emulators\\\\ui-v1.6.5\\\\server.bundle.js\"],\"optionalArgs\":[],\"joinArgs\":false}"}}
[info] i  ui: Emulator UI logging to ui-debug.log {"metadata":{"emulator":{"name":"ui"},"message":"Emulator UI logging to \u001b[1mui-debug.log\u001b[22m"}}
[debug] [2022-04-04T12:14:11.962Z] Web / API server started at localhost:4000
 {"metadata":{"emulator":{"name":"ui"},"message":"Web / API server started at localhost:4000\n"}}
[info] i  functions: Watching "C:\Users\SoftDevSkils\Desktop\MealsToGo\functions" for Cloud Functions... {"metadata":{"emulator":{"name":"functions"},"message":"Watching \"C:\\Users\\SoftDevSkils\\Desktop\\MealsToGo\\functions\" for Cloud Functions..."}}
[debug] [2022-04-04T12:14:12.259Z] Validating nodejs source
[debug] [2022-04-04T12:14:26.994Z] > [functions] package.json contents: {
  "name": "functions",
  "description": "Cloud Functions for Firebase",
  "scripts": {
    "serve": "firebase emulators:start --only functions",
    "shell": "firebase functions:shell",
    "start": "npm run shell",
    "deploy": "firebase deploy --only functions",
    "logs": "firebase functions:log"
  },
  "engines": {
    "node": "16"
  },
  "main": "index.js",
  "dependencies": {
    "firebase-admin": "^10.0.2",
    "firebase-functions": "^3.18.0"
  },
  "devDependencies": {
    "firebase-functions-test": "^0.2.0"
  },
  "private": true
}
[debug] [2022-04-04T12:14:26.995Z] Building nodejs source
[debug] [2022-04-04T12:14:26.995Z] Analyzing nodejs backend spec
[info] 
┌─────────────────────────────────────────────────────────────┐
│ ✔  All emulators ready! It is now safe to connect your app. │
│ i  View Emulator UI at http://localhost:4000                │
└─────────────────────────────────────────────────────────────┘

┌───────────┬────────────────┬─────────────────────────────────┐
│ Emulator  │ Host:Port      │ View in Emulator UI             │
├───────────┼────────────────┼─────────────────────────────────┤
│ Functions │ localhost:5001 │ http://localhost:4000/functions │
└───────────┴────────────────┴─────────────────────────────────┘
  Emulator Hub running at localhost:4400
  Other reserved ports: 4500

Issues? Report them at https://github.com/firebase/firebase-tools/issues and attach the *-debug.log files.
 
[debug] [2022-04-04T12:36:18.140Z] File C:\Users\SoftDevSkils\Desktop\MealsToGo\functions\index.js changed, reloading triggers {"metadata":{"emulator":{"name":"functions"},"message":"File C:\\Users\\SoftDevSkils\\Desktop\\MealsToGo\\functions\\index.js changed, reloading triggers"}}
